C51 COMPILER V9.56.0.0   UART0_TRANSFER                                                    04/12/2017 10:00:43 PAGE 1   


C51 COMPILER V9.56.0.0, COMPILATION OF MODULE UART0_TRANSFER
OBJECT MODULE PLACED IN .\Output\UART0_transfer.obj
COMPILER INVOKED BY: C:\Keil_v5\C51\BIN\C51.EXE Source\UART0_transfer.c ROM(COMPACT) OPTIMIZE(1,SPEED) BROWSE INCDIR(..\
                    -..\Include) DEBUG OBJECTEXTEND PRINT(.\LST\UART0_transfer.lst) TABS(2) OBJECT(.\Output\UART0_transfer.obj)

line level    source

   1          /*--------------------------------------------------------------------------------------------------------
             --*/
   2          /*                                                                                                        
             - */
   3          /* Copyright(c) 2015 Nuvoton Technology Corp. All rights reserved.                                        
             - */
   4          /*                                                                                                        
             - */
   5          /*--------------------------------------------------------------------------------------------------------
             --*/
   6          
   7          //********************************************************************************************************
             -***
   8          //  Nuvoton Technoledge Corp. 
   9          //  Website: http://www.nuvoton.com
  10          //  E-Mail : MicroC-8bit@nuvoton.com
  11          //  Date   : Apr/21/2015
  12          //********************************************************************************************************
             -***
  13          
  14          //********************************************************************************************************
             -***
  15          //  File Function: N76E885 UART-0 Mode2 demo code
  16          //********************************************************************************************************
             -***
  17          
  18          #include <stdio.h>
  19          #include "N76E003.h"
  20          #include "Typedef.h"
  21          #include "Define.h"
  22          #include "SFR_Macro.h"
  23          #include "UART0_transfer.h"
  24          #include "ISP_USER.h"
  25          
  26            xdata volatile uint8_t uart_rcvbuf[64]; 
  27            xdata volatile uint8_t uart_txbuf[64];
  28           data volatile uint8_t bufhead;
  29            data volatile uint16_t flash_address; 
  30            data volatile uint16_t AP_size;
  31            data volatile uint8_t g_timer1Counter;
  32            data volatile uint8_t count; 
  33            data volatile uint16_t g_timer0Counter;
  34            data volatile uint32_t g_checksum;
  35            data volatile uint32_t g_totalchecksum;
  36            bit volatile bUartDataReady;
  37            bit volatile g_timer0Over;
  38            bit volatile g_timer1Over;
  39            bit volatile g_progarmflag;
  40          
  41          bit BIT_TMP;
  42          
  43          
  44          void TM0_ini(void)
  45          {   
C51 COMPILER V9.56.0.0   UART0_TRANSFER                                                    04/12/2017 10:00:43 PAGE 2   

  46   1        TH0=TL0=0; //interrupt timer 140us
  47   1        set_TR0;   //Start timer0
  48   1        set_PSH;   // Serial port 0 interrupt level2
  49   1        IE = 0x92;                                      //EA=1, ES=1,ET0=1
  50   1      }
  51          
  52          void UART0_ini(void)
  53          {
  54   1          SCON = 0x52;     //UART0 Mode1,REN=1,TI=1
  55   1          TMOD |= 0x22;    //Timer1 Mode1, TIMER 0 MODE2
  56   1              
  57   1          set_SMOD;
  58   1          set_T1M;
  59   1          clr_BRCK;        //Serial port 0 baud rate clock source = Timer1
  60   1          TH1 = 256 - (1000000/38400);                        /*16 MHz to 115200 Baudrate*/
  61   1          set_TR1;          //Start timer1
  62   1      }
  63          
  64          void Send_64byte_To_UART0(void)
  65          {
  66   1         for(count=0;count<64;count++)
  67   1        {
  68   2          TI = 0; 
  69   2          SBUF = uart_txbuf[count];
  70   2          while(TI==0);
  71   2        }
  72   1      }
  73          
  74          void Serial_ISR (void) interrupt 4 
  75          {
  76   1          if (RI == 1)
  77   1          {   
  78   2            uart_rcvbuf[bufhead++]= SBUF;   
  79   2            clr_RI;                                         // Clear RI (Receive Interrupt).
  80   2          }
  81   1          if (TI == 1)
  82   1          {       
  83   2              clr_TI;                                         // Clear TI (Transmit Interrupt).
  84   2          }
  85   1          if(bufhead ==1)
  86   1          {
  87   2            g_timer1Over=0;
  88   2            g_timer1Counter=90; //for check uart timeout using
  89   2          }
  90   1        if(bufhead == 64)
  91   1          {
  92   2            
  93   2            bUartDataReady = TRUE;
  94   2            g_timer1Counter=0;
  95   2            g_timer1Over=0;
  96   2            bufhead = 0;
  97   2          }   
  98   1      }
  99          
 100          void Timer0_ISR (void) interrupt 1
 101          {
 102   1      if(g_timer0Counter)
 103   1        {
 104   2        g_timer0Counter--;
 105   2          if(!g_timer0Counter)
 106   2          {
 107   3          g_timer0Over=1;
C51 COMPILER V9.56.0.0   UART0_TRANSFER                                                    04/12/2017 10:00:43 PAGE 3   

 108   3          }
 109   2        }
 110   1        
 111   1        if(g_timer1Counter)
 112   1        {
 113   2        g_timer1Counter--;
 114   2          if(!g_timer1Counter)
 115   2          {
 116   3          g_timer1Over=1;
 117   3          }
 118   2        }
 119   1      } 


MODULE INFORMATION:   STATIC OVERLAYABLE
   CODE SIZE        =    187    ----
   CONSTANT SIZE    =   ----    ----
   XDATA SIZE       =    128    ----
   PDATA SIZE       =   ----    ----
   DATA SIZE        =     17    ----
   IDATA SIZE       =   ----    ----
   BIT SIZE         =      5    ----
END OF MODULE INFORMATION.


C51 COMPILATION COMPLETE.  0 WARNING(S),  0 ERROR(S)
